GowinSynthesis start
Running parser ...
Analyzing Verilog file 'F:\Radar_VHDL\gowin\ul\src\main.v'
Compiling module 'Main'("F:\Radar_VHDL\gowin\ul\src\main.v":1)
Compiling module 'trigger_cnt'("F:\Radar_VHDL\gowin\ul\src\main.v":15)
WARN  (EX3791) : Expression size 27 truncated to fit in target size 26("F:\Radar_VHDL\gowin\ul\src\main.v":33)
WARN  (EX3791) : Expression size 19 truncated to fit in target size 18("F:\Radar_VHDL\gowin\ul\src\main.v":44)
Compiling module 'echo_cnt'("F:\Radar_VHDL\gowin\ul\src\main.v":57)
WARN  (EX3791) : Expression size 19 truncated to fit in target size 18("F:\Radar_VHDL\gowin\ul\src\main.v":78)
Compiling module 'distance_cal'("F:\Radar_VHDL\gowin\ul\src\main.v":98)
WARN  (EX2629) : Delay control is not supported for synthesis("F:\Radar_VHDL\gowin\ul\src\main.v":112)
WARN  (EX3791) : Expression size 26 truncated to fit in target size 11("F:\Radar_VHDL\gowin\ul\src\main.v":114)
WARN  (EX3791) : Expression size 11 truncated to fit in target size 4("F:\Radar_VHDL\gowin\ul\src\main.v":115)
NOTE  (EX0101) : Current top module is "Main"
[5%] Running netlist conversion ...
Running device independent optimization ...
[10%] Optimizing Phase 0 completed
[15%] Optimizing Phase 1 completed
[25%] Optimizing Phase 2 completed
Running inference ...
[30%] Inferring Phase 0 completed
[40%] Inferring Phase 1 completed
[50%] Inferring Phase 2 completed
[55%] Inferring Phase 3 completed
Running technical mapping ...
[60%] Tech-Mapping Phase 0 completed
[65%] Tech-Mapping Phase 1 completed
[75%] Tech-Mapping Phase 2 completed
[80%] Tech-Mapping Phase 3 completed
[90%] Tech-Mapping Phase 4 completed
WARN  (NL0002) : The module "distance_cal" instantiated to "dis" is swept in optimizing("F:\Radar_VHDL\gowin\ul\src\main.v":12)
WARN  (NL0002) : The module "echo_cnt" instantiated to "eh" is swept in optimizing("F:\Radar_VHDL\gowin\ul\src\main.v":11)
[95%] Generate netlist file "F:\Radar_VHDL\gowin\ul\impl\gwsynthesis\ul.vg" completed
[100%] Generate report file "F:\Radar_VHDL\gowin\ul\impl\gwsynthesis\ul_syn.rpt.html" completed
GowinSynthesis finish
