Reading netlist file: "F:\Radar_VHDL\gowin\ul\impl\gwsynthesis\ul.vg"
Parsing netlist file "F:\Radar_VHDL\gowin\ul\impl\gwsynthesis\ul.vg" completed
Processing netlist completed
Reading constraint file: "F:\Radar_VHDL\gowin\ul\src\ul.cst"
Physical Constraint parsed completed
Running placement......
[10%] Placement Phase 0 completed
[20%] Placement Phase 1 completed
[30%] Placement Phase 2 completed
WARN  (TA1132) :  'clk' was determined to be a clock but was not created.
WARN  (TA1132) :  'n98_6' was determined to be a clock but was not created.
[50%] Placement Phase 3 completed
Running routing......
[60%] Routing Phase 0 completed
[70%] Routing Phase 1 completed
[80%] Routing Phase 2 completed
WARN  (PR1014) : Generic routing resource will be used to clock signal 'clk_d' by the specified constraint. And then it may lead to the excessive delay or skew
[90%] Routing Phase 3 completed
Running timing analysis......
[95%] Timing analysis completed
Placement and routing completed
Bitstream generation in progress......
Bitstream generation completed
Running power analysis......
[100%] Power analysis completed
Generate file "F:\Radar_VHDL\gowin\ul\impl\pnr\ul.power.html" completed
Generate file "F:\Radar_VHDL\gowin\ul\impl\pnr\ul.pin.html" completed
Generate file "F:\Radar_VHDL\gowin\ul\impl\pnr\ul.rpt.html" completed
Generate file "F:\Radar_VHDL\gowin\ul\impl\pnr\ul.rpt.txt" completed
Generate file "F:\Radar_VHDL\gowin\ul\impl\pnr\ul.tr.html" completed
Wed Nov 13 09:54:43 2024

