GowinSynthesis start
Running parser ...
Analyzing Verilog file 'C:\Users\niner\Desktop\VDHL_RADAR\src\radar_controller.v'
Compiling module 'main'("C:\Users\niner\Desktop\VDHL_RADAR\src\radar_controller.v":8)
Compiling module 'trigger_cnt'("C:\Users\niner\Desktop\VDHL_RADAR\src\radar_controller.v":96)
WARN  (EX3791) : Expression size 27 truncated to fit in target size 26("C:\Users\niner\Desktop\VDHL_RADAR\src\radar_controller.v":114)
WARN  (EX3791) : Expression size 11 truncated to fit in target size 10("C:\Users\niner\Desktop\VDHL_RADAR\src\radar_controller.v":125)
Compiling module 'echo_cnt'("C:\Users\niner\Desktop\VDHL_RADAR\src\radar_controller.v":138)
WARN  (EX3791) : Expression size 19 truncated to fit in target size 18("C:\Users\niner\Desktop\VDHL_RADAR\src\radar_controller.v":160)
Compiling module 'distance_cal'("C:\Users\niner\Desktop\VDHL_RADAR\src\radar_controller.v":180)
WARN  (EX3791) : Expression size 51 truncated to fit in target size 7("C:\Users\niner\Desktop\VDHL_RADAR\src\radar_controller.v":194)
Compiling module 'display'("C:\Users\niner\Desktop\VDHL_RADAR\src\radar_controller.v":60)
WARN  (EX3791) : Expression size 7 truncated to fit in target size 4("C:\Users\niner\Desktop\VDHL_RADAR\src\radar_controller.v":71)
Compiling module 'servo'("C:\Users\niner\Desktop\VDHL_RADAR\src\radar_controller.v":199)
WARN  (EX3791) : Expression size 22 truncated to fit in target size 21("C:\Users\niner\Desktop\VDHL_RADAR\src\radar_controller.v":209)
WARN  (EX3791) : Expression size 28 truncated to fit in target size 27("C:\Users\niner\Desktop\VDHL_RADAR\src\radar_controller.v":221)
WARN  (EX3791) : Expression size 32 truncated to fit in target size 20("C:\Users\niner\Desktop\VDHL_RADAR\src\radar_controller.v":227)
WARN  (EX3791) : Expression size 28 truncated to fit in target size 27("C:\Users\niner\Desktop\VDHL_RADAR\src\radar_controller.v":237)
WARN  (EX3791) : Expression size 21 truncated to fit in target size 20("C:\Users\niner\Desktop\VDHL_RADAR\src\radar_controller.v":243)
WARN  (EX3791) : Expression size 32 truncated to fit in target size 4("C:\Users\niner\Desktop\VDHL_RADAR\src\radar_controller.v":255)
Compiling module 'speaker'("C:\Users\niner\Desktop\VDHL_RADAR\src\radar_controller.v":30)
WARN  (EX3791) : Expression size 18 truncated to fit in target size 17("C:\Users\niner\Desktop\VDHL_RADAR\src\radar_controller.v":41)
WARN  (EX3791) : Expression size 31 truncated to fit in target size 30("C:\Users\niner\Desktop\VDHL_RADAR\src\radar_controller.v":46)
NOTE  (EX0101) : Current top module is "main"
[5%] Running netlist conversion ...
Running device independent optimization ...
[10%] Optimizing Phase 0 completed
[15%] Optimizing Phase 1 completed
[25%] Optimizing Phase 2 completed
Running inference ...
[30%] Inferring Phase 0 completed
[40%] Inferring Phase 1 completed
[50%] Inferring Phase 2 completed
[55%] Inferring Phase 3 completed
Running technical mapping ...
[60%] Tech-Mapping Phase 0 completed
[65%] Tech-Mapping Phase 1 completed
[75%] Tech-Mapping Phase 2 completed
[80%] Tech-Mapping Phase 3 completed
[90%] Tech-Mapping Phase 4 completed
[95%] Generate netlist file "C:\Users\niner\Desktop\VDHL_RADAR\impl\gwsynthesis\VDHL_RADAR.vg" completed
[100%] Generate report file "C:\Users\niner\Desktop\VDHL_RADAR\impl\gwsynthesis\VDHL_RADAR_syn.rpt.html" completed
GowinSynthesis finish
